<?xml version="1.0" encoding="UTF-8" ?>
<testsuite failures="0" time="0.376" errors="0" skipped="0" tests="6" name="com.github.zhangkaitao.shiro.chapter2.AuthenticatorTest">
  <properties>
    <property name="java.runtime.name" value="Java(TM) SE Runtime Environment"/>
    <property name="sun.boot.library.path" value="C:\Program Files\Java\jdk1.6.0_39\jre\bin"/>
    <property name="java.vm.version" value="20.14-b01"/>
    <property name="java.vm.vendor" value="Sun Microsystems Inc."/>
    <property name="java.vendor.url" value="http://java.sun.com/"/>
    <property name="path.separator" value=";"/>
    <property name="guice.disable.misplaced.annotation.check" value="true"/>
    <property name="java.vm.name" value="Java HotSpot(TM) 64-Bit Server VM"/>
    <property name="file.encoding.pkg" value="sun.io"/>
    <property name="user.country" value="CN"/>
    <property name="sun.java.launcher" value="SUN_STANDARD"/>
    <property name="sun.os.patch.level" value="Service Pack 1"/>
    <property name="java.vm.specification.name" value="Java Virtual Machine Specification"/>
    <property name="user.dir" value="F:\personal-research\shiro-example-master\shiro-example-chapter2"/>
    <property name="java.runtime.version" value="1.6.0_39-b04"/>
    <property name="java.awt.graphicsenv" value="sun.awt.Win32GraphicsEnvironment"/>
    <property name="java.endorsed.dirs" value="C:\Program Files\Java\jdk1.6.0_39\jre\lib\endorsed"/>
    <property name="os.arch" value="amd64"/>
    <property name="java.io.tmpdir" value="C:\Users\jack_liu\AppData\Local\Temp\"/>
    <property name="line.separator" value="
"/>
    <property name="java.vm.specification.vendor" value="Sun Microsystems Inc."/>
    <property name="user.variant" value=""/>
    <property name="os.name" value="Windows 7"/>
    <property name="classworlds.conf" value="F:\workspace\.metadata\.plugins\org.eclipse.m2e.launching\launches\m2conf6032209955416113691.tmp"/>
    <property name="sun.jnu.encoding" value="GBK"/>
    <property name="java.library.path" value="C:\Program Files\Java\jdk1.6.0_39\bin;C:\Windows\Sun\Java\bin;C:\Windows\system32;C:\Windows;C:\ProgramData\Oracle\Java\javapath;C:\Python27;D:\Android\sdk\platform-tools\;D:\Android\sdk\tools;D:\OpenSource\Ant\apache-ant-1.9.6\bin;C:\Program Files\Java\jdk1.8.0_102\bin;C:\Program Files\Java\jdk1.8.0_102\lib\tools.jar;D:\apache-maven-3.1.1\bin;C:\Program Files (x86)\VisualSVN Server\bin;C:\Windows/system32;C:\Windows;C:\Program Files\Microsoft\Web Platform Installer\;C:\Windows\Microsoft.NET\Framework64\v4.0.30319;C:\Windows\system32;C:\Windows\system32\wbem;C:\Program Files (x86)\Rational\common;C:\Users\jack_liu\AppData\Roaming\npm;%ANDROID%\tools;%ANDROID%\platform-tools;C:\Program Files (x86)\Subversion\bin;C:\Scala\bin;D:\OpenSource\CXF\apache-cxf-2.7.18\bin;D:\Program Files\Git\cmd;D:\Program Files\TortoiseGit\bin;D:\gradle-3.2-rc-2\bin;D:\apache-jmeter-3.0\lib\ext\ApacheJMeter_core.jar;D:\apache-jmeter-3.0\lib\jorphan.jar;D:\apache-jmeter-3.0\lib\logkit-2.0.jar;C:\Program Files\IDM Computer Solutions\UltraCompare;C:\Program Files (x86)\IDM Computer Solutions\UltraEdit\;C:\Program Files (x86)\SSH Communications Security\SSH Secure Shell;."/>
    <property name="java.specification.name" value="Java Platform API Specification"/>
    <property name="java.class.version" value="50.0"/>
    <property name="sun.management.compiler" value="HotSpot 64-Bit Tiered Compilers"/>
    <property name="os.version" value="6.1"/>
    <property name="user.home" value="C:\Users\jack_liu"/>
    <property name="user.timezone" value="Asia/Shanghai"/>
    <property name="java.awt.printerjob" value="sun.awt.windows.WPrinterJob"/>
    <property name="file.encoding" value="UTF-8"/>
    <property name="java.specification.version" value="1.6"/>
    <property name="user.name" value="jack_liu"/>
    <property name="java.class.path" value="/D:/IDE/eclipse/plugins/org.eclipse.m2e.maven.runtime_1.5.2.20150413-2214/jars/plexus-classworlds-2.5.1.jar"/>
    <property name="org.slf4j.simpleLogger.defaultLogLevel" value="info"/>
    <property name="java.vm.specification.version" value="1.0"/>
    <property name="sun.arch.data.model" value="64"/>
    <property name="java.home" value="C:\Program Files\Java\jdk1.6.0_39\jre"/>
    <property name="sun.java.command" value="org.codehaus.plexus.classworlds.launcher.Launcher -B -s D:\apache-maven-3.1.1\conf\settings.xml install"/>
    <property name="java.specification.vendor" value="Sun Microsystems Inc."/>
    <property name="user.language" value="zh"/>
    <property name="awt.toolkit" value="sun.awt.windows.WToolkit"/>
    <property name="java.vm.info" value="mixed mode"/>
    <property name="java.version" value="1.6.0_39"/>
    <property name="java.ext.dirs" value="C:\Program Files\Java\jdk1.6.0_39\jre\lib\ext;C:\Windows\Sun\Java\lib\ext"/>
    <property name="sun.boot.class.path" value="C:\Program Files\Java\jdk1.6.0_39\jre\lib\resources.jar;C:\Program Files\Java\jdk1.6.0_39\jre\lib\rt.jar;C:\Program Files\Java\jdk1.6.0_39\jre\lib\sunrsasign.jar;C:\Program Files\Java\jdk1.6.0_39\jre\lib\jsse.jar;C:\Program Files\Java\jdk1.6.0_39\jre\lib\jce.jar;C:\Program Files\Java\jdk1.6.0_39\jre\lib\charsets.jar;C:\Program Files\Java\jdk1.6.0_39\jre\lib\modules\jdk.boot.jar;C:\Program Files\Java\jdk1.6.0_39\jre\classes"/>
    <property name="java.vendor" value="Sun Microsystems Inc."/>
    <property name="maven.home" value="F:\personal-research\shiro-example-master\shiro-example-chapter2\EMBEDDED"/>
    <property name="file.separator" value="\"/>
    <property name="java.vendor.url.bug" value="http://java.sun.com/cgi-bin/bugreport.cgi"/>
    <property name="sun.cpu.endian" value="little"/>
    <property name="sun.io.unicode.encoding" value="UnicodeLittle"/>
    <property name="sun.desktop" value="windows"/>
    <property name="sun.cpu.isalist" value="amd64"/>
  </properties>
  <testcase time="0.353" classname="com.github.zhangkaitao.shiro.chapter2.AuthenticatorTest" name="testAllSuccessfulStrategyWithSuccess"/>
  <testcase time="0.003" classname="com.github.zhangkaitao.shiro.chapter2.AuthenticatorTest" name="testAllSuccessfulStrategyWithFail"/>
  <testcase time="0.003" classname="com.github.zhangkaitao.shiro.chapter2.AuthenticatorTest" name="testAtLeastOneSuccessfulStrategyWithSuccess"/>
  <testcase time="0.003" classname="com.github.zhangkaitao.shiro.chapter2.AuthenticatorTest" name="testFirstOneSuccessfulStrategyWithSuccess"/>
  <testcase time="0.011" classname="com.github.zhangkaitao.shiro.chapter2.AuthenticatorTest" name="testAtLeastTwoStrategyWithSuccess"/>
  <testcase time="0.003" classname="com.github.zhangkaitao.shiro.chapter2.AuthenticatorTest" name="testOnlyOneStrategyWithSuccess"/>
</testsuite>